{"D:\\concert-center-proyecto inicial\\concert-center\\concert-center-backend\\src\\app.controller.ts": {"path":"D:\\concert-center-proyecto inicial\\concert-center\\concert-center-backend\\src\\app.controller.ts","statementMap":{"0":{"start":{"line":1,"column":0},"end":{"line":1,"column":49}},"1":{"start":{"line":2,"column":0},"end":{"line":2,"column":43}},"2":{"start":{"line":5,"column":7},"end":{"line":12,"column":null}},"3":{"start":{"line":6,"column":31},"end":{"line":6,"column":43}},"4":{"start":{"line":10,"column":4},"end":{"line":10,"column":38}},"5":{"start":{"line":5,"column":13},"end":{"line":5,"column":26}},"6":{"start":{"line":9,"column":2},"end":{"line":11,"column":null}},"7":{"start":{"line":5,"column":13},"end":{"line":12,"column":null}}},"fnMap":{"0":{"name":"(anonymous_2)","decl":{"start":{"line":6,"column":2},"end":{"line":6,"column":31}},"loc":{"start":{"line":6,"column":53},"end":{"line":6,"column":57}}},"1":{"name":"(anonymous_3)","decl":{"start":{"line":9,"column":2},"end":{"line":9,"column":10}},"loc":{"start":{"line":9,"column":10},"end":{"line":11,"column":3}}}},"branchMap":{},"s":{"0":1,"1":1,"2":1,"3":1,"4":1,"5":1,"6":1,"7":1},"f":{"0":1,"1":1},"b":{}}
,"D:\\concert-center-proyecto inicial\\concert-center\\concert-center-backend\\src\\app.service.ts": {"path":"D:\\concert-center-proyecto inicial\\concert-center\\concert-center-backend\\src\\app.service.ts","statementMap":{"0":{"start":{"line":3,"column":0},"end":{"line":3,"column":44}},"1":{"start":{"line":6,"column":7},"end":{"line":10,"column":null}},"2":{"start":{"line":8,"column":4},"end":{"line":8,"column":26}},"3":{"start":{"line":6,"column":13},"end":{"line":6,"column":23}},"4":{"start":{"line":6,"column":13},"end":{"line":10,"column":null}}},"fnMap":{"0":{"name":"(anonymous_1)","decl":{"start":{"line":7,"column":2},"end":{"line":7,"column":10}},"loc":{"start":{"line":7,"column":10},"end":{"line":9,"column":3}}}},"branchMap":{},"s":{"0":1,"1":1,"2":1,"3":1,"4":1},"f":{"0":1},"b":{}}
,"D:\\concert-center-proyecto inicial\\concert-center\\concert-center-backend\\src\\events\\event.entity.ts": {"path":"D:\\concert-center-proyecto inicial\\concert-center\\concert-center-backend\\src\\events\\event.entity.ts","statementMap":{"0":{"start":{"line":1,"column":0},"end":{"line":1,"column":65}},"1":{"start":{"line":4,"column":7},"end":{"line":28,"column":null}},"2":{"start":{"line":4,"column":13},"end":{"line":4,"column":18}},"3":{"start":{"line":6,"column":2},"end":{"line":6,"column":null}},"4":{"start":{"line":9,"column":2},"end":{"line":9,"column":null}},"5":{"start":{"line":12,"column":2},"end":{"line":12,"column":null}},"6":{"start":{"line":15,"column":2},"end":{"line":15,"column":null}},"7":{"start":{"line":18,"column":2},"end":{"line":18,"column":null}},"8":{"start":{"line":21,"column":2},"end":{"line":21,"column":null}},"9":{"start":{"line":24,"column":2},"end":{"line":24,"column":null}},"10":{"start":{"line":27,"column":2},"end":{"line":27,"column":null}},"11":{"start":{"line":4,"column":13},"end":{"line":28,"column":null}}},"fnMap":{},"branchMap":{},"s":{"0":4,"1":4,"2":4,"3":4,"4":4,"5":4,"6":4,"7":4,"8":4,"9":4,"10":4,"11":4},"f":{},"b":{}}
,"D:\\concert-center-proyecto inicial\\concert-center\\concert-center-backend\\src\\events\\events.controller.ts": {"path":"D:\\concert-center-proyecto inicial\\concert-center\\concert-center-backend\\src\\events\\events.controller.ts","statementMap":{"0":{"start":{"line":1,"column":0},"end":{"line":1,"column":56}},"1":{"start":{"line":2,"column":0},"end":{"line":2,"column":49}},"2":{"start":{"line":5,"column":7},"end":{"line":17,"column":null}},"3":{"start":{"line":6,"column":31},"end":{"line":6,"column":46}},"4":{"start":{"line":10,"column":4},"end":{"line":10,"column":40}},"5":{"start":{"line":15,"column":4},"end":{"line":15,"column":43}},"6":{"start":{"line":5,"column":13},"end":{"line":5,"column":29}},"7":{"start":{"line":9,"column":2},"end":{"line":11,"column":null}},"8":{"start":{"line":14,"column":2},"end":{"line":16,"column":null}},"9":{"start":{"line":5,"column":13},"end":{"line":17,"column":null}}},"fnMap":{"0":{"name":"(anonymous_4)","decl":{"start":{"line":6,"column":2},"end":{"line":6,"column":31}},"loc":{"start":{"line":6,"column":59},"end":{"line":6,"column":63}}},"1":{"name":"(anonymous_5)","decl":{"start":{"line":9,"column":2},"end":{"line":9,"column":9}},"loc":{"start":{"line":9,"column":9},"end":{"line":11,"column":3}}},"2":{"name":"(anonymous_6)","decl":{"start":{"line":14,"column":2},"end":{"line":14,"column":9}},"loc":{"start":{"line":14,"column":33},"end":{"line":16,"column":3}}}},"branchMap":{},"s":{"0":1,"1":1,"2":1,"3":2,"4":1,"5":1,"6":1,"7":1,"8":1,"9":1},"f":{"0":2,"1":1,"2":1},"b":{}}
,"D:\\concert-center-proyecto inicial\\concert-center\\concert-center-backend\\src\\events\\events.service.ts": {"path":"D:\\concert-center-proyecto inicial\\concert-center\\concert-center-backend\\src\\events\\events.service.ts","statementMap":{"0":{"start":{"line":1,"column":0},"end":{"line":1,"column":63}},"1":{"start":{"line":2,"column":0},"end":{"line":2,"column":51}},"2":{"start":{"line":3,"column":0},"end":{"line":3,"column":37}},"3":{"start":{"line":4,"column":0},"end":{"line":4,"column":39}},"4":{"start":{"line":7,"column":7},"end":{"line":33,"column":null}},"5":{"start":{"line":10,"column":12},"end":{"line":10,"column":29}},"6":{"start":{"line":14,"column":4},"end":{"line":14,"column":39}},"7":{"start":{"line":18,"column":18},"end":{"line":18,"column":71}},"8":{"start":{"line":19,"column":4},"end":{"line":21,"column":5}},"9":{"start":{"line":20,"column":6},"end":{"line":20,"column":58}},"10":{"start":{"line":22,"column":4},"end":{"line":22,"column":17}},"11":{"start":{"line":26,"column":18},"end":{"line":26,"column":40}},"12":{"start":{"line":27,"column":4},"end":{"line":29,"column":5}},"13":{"start":{"line":28,"column":6},"end":{"line":28,"column":44}},"14":{"start":{"line":30,"column":4},"end":{"line":30,"column":28}},"15":{"start":{"line":31,"column":4},"end":{"line":31,"column":44}},"16":{"start":{"line":7,"column":13},"end":{"line":7,"column":26}},"17":{"start":{"line":7,"column":13},"end":{"line":33,"column":null}}},"fnMap":{"0":{"name":"(anonymous_4)","decl":{"start":{"line":8,"column":2},"end":{"line":8,"column":null}},"loc":{"start":{"line":10,"column":46},"end":{"line":11,"column":6}}},"1":{"name":"(anonymous_5)","decl":{"start":{"line":13,"column":2},"end":{"line":13,"column":7}},"loc":{"start":{"line":13,"column":15},"end":{"line":15,"column":3}}},"2":{"name":"(anonymous_6)","decl":{"start":{"line":17,"column":2},"end":{"line":17,"column":7}},"loc":{"start":{"line":17,"column":26},"end":{"line":23,"column":3}}},"3":{"name":"(anonymous_7)","decl":{"start":{"line":25,"column":2},"end":{"line":25,"column":7}},"loc":{"start":{"line":25,"column":48},"end":{"line":32,"column":3}}}},"branchMap":{"0":{"loc":{"start":{"line":19,"column":4},"end":{"line":21,"column":5}},"type":"if","locations":[{"start":{"line":19,"column":4},"end":{"line":21,"column":5}}]},"1":{"loc":{"start":{"line":27,"column":4},"end":{"line":29,"column":5}},"type":"if","locations":[{"start":{"line":27,"column":4},"end":{"line":29,"column":5}}]}},"s":{"0":4,"1":4,"2":4,"3":4,"4":4,"5":4,"6":1,"7":3,"8":3,"9":1,"10":2,"11":2,"12":2,"13":1,"14":1,"15":1,"16":4,"17":4},"f":{"0":4,"1":1,"2":3,"3":2},"b":{"0":[1],"1":[1]}}
,"D:\\concert-center-proyecto inicial\\concert-center\\concert-center-backend\\src\\transactions\\transaction.entity.ts": {"path":"D:\\concert-center-proyecto inicial\\concert-center\\concert-center-backend\\src\\transactions\\transaction.entity.ts","statementMap":{"0":{"start":{"line":1,"column":0},"end":{"line":1,"column":65}},"1":{"start":{"line":4,"column":7},"end":{"line":28,"column":null}},"2":{"start":{"line":4,"column":13},"end":{"line":4,"column":24}},"3":{"start":{"line":6,"column":2},"end":{"line":6,"column":null}},"4":{"start":{"line":9,"column":2},"end":{"line":9,"column":null}},"5":{"start":{"line":12,"column":2},"end":{"line":12,"column":null}},"6":{"start":{"line":15,"column":2},"end":{"line":15,"column":null}},"7":{"start":{"line":18,"column":2},"end":{"line":18,"column":null}},"8":{"start":{"line":21,"column":2},"end":{"line":21,"column":null}},"9":{"start":{"line":24,"column":2},"end":{"line":24,"column":null}},"10":{"start":{"line":27,"column":2},"end":{"line":27,"column":null}},"11":{"start":{"line":4,"column":13},"end":{"line":28,"column":null}}},"fnMap":{},"branchMap":{},"s":{"0":2,"1":2,"2":2,"3":2,"4":2,"5":2,"6":2,"7":2,"8":2,"9":2,"10":2,"11":2},"f":{},"b":{}}
,"D:\\concert-center-proyecto inicial\\concert-center\\concert-center-backend\\src\\transactions\\transactions.controller.ts": {"path":"D:\\concert-center-proyecto inicial\\concert-center\\concert-center-backend\\src\\transactions\\transactions.controller.ts","statementMap":{"0":{"start":{"line":1,"column":0},"end":{"line":1,"column":68}},"1":{"start":{"line":2,"column":0},"end":{"line":2,"column":61}},"2":{"start":{"line":5,"column":7},"end":{"line":22,"column":null}},"3":{"start":{"line":6,"column":31},"end":{"line":6,"column":52}},"4":{"start":{"line":10,"column":4},"end":{"line":10,"column":57}},"5":{"start":{"line":15,"column":4},"end":{"line":15,"column":50}},"6":{"start":{"line":20,"column":4},"end":{"line":20,"column":57}},"7":{"start":{"line":5,"column":13},"end":{"line":5,"column":35}},"8":{"start":{"line":9,"column":2},"end":{"line":11,"column":null}},"9":{"start":{"line":14,"column":8},"end":{"line":16,"column":null}},"10":{"start":{"line":19,"column":2},"end":{"line":21,"column":null}},"11":{"start":{"line":5,"column":13},"end":{"line":22,"column":null}}},"fnMap":{"0":{"name":"(anonymous_4)","decl":{"start":{"line":6,"column":2},"end":{"line":6,"column":31}},"loc":{"start":{"line":6,"column":71},"end":{"line":6,"column":75}}},"1":{"name":"(anonymous_5)","decl":{"start":{"line":9,"column":2},"end":{"line":9,"column":16}},"loc":{"start":{"line":9,"column":34},"end":{"line":11,"column":3}}},"2":{"name":"(anonymous_6)","decl":{"start":{"line":14,"column":2},"end":{"line":14,"column":7}},"loc":{"start":{"line":14,"column":41},"end":{"line":16,"column":3}}},"3":{"name":"(anonymous_7)","decl":{"start":{"line":19,"column":2},"end":{"line":19,"column":16}},"loc":{"start":{"line":19,"column":34},"end":{"line":21,"column":3}}}},"branchMap":{},"s":{"0":1,"1":1,"2":1,"3":3,"4":1,"5":1,"6":1,"7":1,"8":1,"9":1,"10":1,"11":1},"f":{"0":3,"1":1,"2":1,"3":1},"b":{}}
,"D:\\concert-center-proyecto inicial\\concert-center\\concert-center-backend\\src\\transactions\\transactions.service.ts": {"path":"D:\\concert-center-proyecto inicial\\concert-center\\concert-center-backend\\src\\transactions\\transactions.service.ts","statementMap":{"0":{"start":{"line":1,"column":0},"end":{"line":1,"column":73}},"1":{"start":{"line":2,"column":0},"end":{"line":2,"column":51}},"2":{"start":{"line":3,"column":0},"end":{"line":3,"column":37}},"3":{"start":{"line":4,"column":0},"end":{"line":4,"column":51}},"4":{"start":{"line":5,"column":0},"end":{"line":5,"column":57}},"5":{"start":{"line":6,"column":0},"end":{"line":6,"column":47}},"6":{"start":{"line":7,"column":0},"end":{"line":7,"column":26}},"7":{"start":{"line":8,"column":0},"end":{"line":8,"column":33}},"8":{"start":{"line":11,"column":32},"end":{"line":114,"column":null}},"9":{"start":{"line":16,"column":12},"end":{"line":16,"column":35}},"10":{"start":{"line":17,"column":12},"end":{"line":17,"column":27}},"11":{"start":{"line":18,"column":12},"end":{"line":18,"column":27}},"12":{"start":{"line":12,"column":19},"end":{"line":12,"column":65}},"13":{"start":{"line":22,"column":61},"end":{"line":22,"column":65}},"14":{"start":{"line":24,"column":4},"end":{"line":26,"column":5}},"15":{"start":{"line":25,"column":6},"end":{"line":25,"column":57}},"16":{"start":{"line":28,"column":4},"end":{"line":30,"column":5}},"17":{"start":{"line":29,"column":6},"end":{"line":29,"column":46}},"18":{"start":{"line":32,"column":22},"end":{"line":32,"column":58}},"19":{"start":{"line":33,"column":26},"end":{"line":33,"column":55}},"20":{"start":{"line":35,"column":24},"end":{"line":42,"column":6}},"21":{"start":{"line":43,"column":4},"end":{"line":43,"column":55}},"22":{"start":{"line":45,"column":23},"end":{"line":45,"column":73}},"23":{"start":{"line":46,"column":29},"end":{"line":46,"column":85}},"24":{"start":{"line":48,"column":24},"end":{"line":48,"column":97}},"25":{"start":{"line":50,"column":25},"end":{"line":50,"column":77}},"26":{"start":{"line":51,"column":31},"end":{"line":51,"column":93}},"27":{"start":{"line":53,"column":23},"end":{"line":53,"column":257}},"28":{"start":{"line":55,"column":4},"end":{"line":55,"column":77}},"29":{"start":{"line":57,"column":4},"end":{"line":61,"column":6}},"30":{"start":{"line":65,"column":4},"end":{"line":94,"column":5}},"31":{"start":{"line":66,"column":26},"end":{"line":66,"column":77}},"32":{"start":{"line":67,"column":22},"end":{"line":67,"column":69}},"33":{"start":{"line":69,"column":23},"end":{"line":71,"column":8}},"34":{"start":{"line":73,"column":26},"end":{"line":73,"column":51}},"35":{"start":{"line":74,"column":29},"end":{"line":74,"column":57}},"36":{"start":{"line":76,"column":6},"end":{"line":88,"column":7}},"37":{"start":{"line":77,"column":24},"end":{"line":77,"column":106}},"38":{"start":{"line":79,"column":8},"end":{"line":87,"column":9}},"39":{"start":{"line":80,"column":10},"end":{"line":80,"column":38}},"40":{"start":{"line":81,"column":10},"end":{"line":81,"column":44}},"41":{"start":{"line":82,"column":10},"end":{"line":82,"column":57}},"42":{"start":{"line":84,"column":10},"end":{"line":86,"column":11}},"43":{"start":{"line":85,"column":12},"end":{"line":85,"column":84}},"44":{"start":{"line":90,"column":6},"end":{"line":90,"column":52}},"45":{"start":{"line":92,"column":6},"end":{"line":92,"column":94}},"46":{"start":{"line":93,"column":6},"end":{"line":93,"column":49}},"47":{"start":{"line":98,"column":73},"end":{"line":98,"column":77}},"48":{"start":{"line":100,"column":24},"end":{"line":100,"column":90}},"49":{"start":{"line":102,"column":4},"end":{"line":110,"column":5}},"50":{"start":{"line":103,"column":6},"end":{"line":103,"column":75}},"51":{"start":{"line":104,"column":6},"end":{"line":104,"column":68}},"52":{"start":{"line":105,"column":6},"end":{"line":105,"column":57}},"53":{"start":{"line":107,"column":6},"end":{"line":109,"column":7}},"54":{"start":{"line":108,"column":8},"end":{"line":108,"column":64}},"55":{"start":{"line":112,"column":4},"end":{"line":112,"column":29}},"56":{"start":{"line":11,"column":13},"end":{"line":11,"column":32}},"57":{"start":{"line":11,"column":13},"end":{"line":114,"column":null}}},"fnMap":{"0":{"name":"(anonymous_4)","decl":{"start":{"line":14,"column":2},"end":{"line":14,"column":null}},"loc":{"start":{"line":18,"column":40},"end":{"line":19,"column":6}}},"1":{"name":"(anonymous_5)","decl":{"start":{"line":21,"column":2},"end":{"line":21,"column":7}},"loc":{"start":{"line":21,"column":32},"end":{"line":62,"column":3}}},"2":{"name":"(anonymous_6)","decl":{"start":{"line":64,"column":2},"end":{"line":64,"column":7}},"loc":{"start":{"line":64,"column":28},"end":{"line":95,"column":3}}},"3":{"name":"(anonymous_7)","decl":{"start":{"line":97,"column":2},"end":{"line":97,"column":7}},"loc":{"start":{"line":97,"column":32},"end":{"line":113,"column":3}}}},"branchMap":{"0":{"loc":{"start":{"line":24,"column":4},"end":{"line":26,"column":5}},"type":"if","locations":[{"start":{"line":24,"column":4},"end":{"line":26,"column":5}}]},"1":{"loc":{"start":{"line":24,"column":8},"end":{"line":24,"column":62}},"type":"binary-expr","locations":[{"start":{"line":24,"column":8},"end":{"line":24,"column":16}},{"start":{"line":24,"column":20},"end":{"line":24,"column":29}},{"start":{"line":24,"column":33},"end":{"line":24,"column":45}},{"start":{"line":24,"column":49},"end":{"line":24,"column":62}}]},"2":{"loc":{"start":{"line":28,"column":4},"end":{"line":30,"column":5}},"type":"if","locations":[{"start":{"line":28,"column":4},"end":{"line":30,"column":5}}]},"3":{"loc":{"start":{"line":28,"column":8},"end":{"line":28,"column":64}},"type":"binary-expr","locations":[{"start":{"line":28,"column":8},"end":{"line":28,"column":27}},{"start":{"line":28,"column":31},"end":{"line":28,"column":64}}]},"4":{"loc":{"start":{"line":48,"column":24},"end":{"line":48,"column":97}},"type":"binary-expr","locations":[{"start":{"line":48,"column":24},"end":{"line":48,"column":70}},{"start":{"line":48,"column":74},"end":{"line":48,"column":97}}]},"5":{"loc":{"start":{"line":76,"column":6},"end":{"line":88,"column":7}},"type":"if","locations":[{"start":{"line":76,"column":6},"end":{"line":88,"column":7}}]},"6":{"loc":{"start":{"line":79,"column":8},"end":{"line":87,"column":9}},"type":"if","locations":[{"start":{"line":79,"column":8},"end":{"line":87,"column":9}}]},"7":{"loc":{"start":{"line":79,"column":12},"end":{"line":79,"column":52}},"type":"binary-expr","locations":[{"start":{"line":79,"column":12},"end":{"line":79,"column":19}},{"start":{"line":79,"column":23},"end":{"line":79,"column":52}}]},"8":{"loc":{"start":{"line":84,"column":10},"end":{"line":86,"column":11}},"type":"if","locations":[{"start":{"line":84,"column":10},"end":{"line":86,"column":11}}]},"9":{"loc":{"start":{"line":84,"column":14},"end":{"line":84,"column":49}},"type":"binary-expr","locations":[{"start":{"line":84,"column":14},"end":{"line":84,"column":29}},{"start":{"line":84,"column":33},"end":{"line":84,"column":49}}]},"10":{"loc":{"start":{"line":92,"column":53},"end":{"line":92,"column":90}},"type":"binary-expr","locations":[{"start":{"line":92,"column":53},"end":{"line":92,"column":73}},{"start":{"line":92,"column":77},"end":{"line":92,"column":90}}]},"11":{"loc":{"start":{"line":102,"column":4},"end":{"line":110,"column":5}},"type":"if","locations":[{"start":{"line":102,"column":4},"end":{"line":110,"column":5}}]},"12":{"loc":{"start":{"line":103,"column":27},"end":{"line":103,"column":74}},"type":"cond-expr","locations":[{"start":{"line":103,"column":51},"end":{"line":103,"column":61}},{"start":{"line":103,"column":64},"end":{"line":103,"column":74}}]},"13":{"loc":{"start":{"line":104,"column":41},"end":{"line":104,"column":67}},"type":"binary-expr","locations":[{"start":{"line":104,"column":41},"end":{"line":104,"column":59}},{"start":{"line":104,"column":63},"end":{"line":104,"column":67}}]},"14":{"loc":{"start":{"line":107,"column":6},"end":{"line":109,"column":7}},"type":"if","locations":[{"start":{"line":107,"column":6},"end":{"line":109,"column":7}}]}},"s":{"0":2,"1":2,"2":2,"3":2,"4":2,"5":2,"6":2,"7":2,"8":2,"9":4,"10":4,"11":4,"12":4,"13":2,"14":2,"15":1,"16":1,"17":0,"18":1,"19":1,"20":1,"21":1,"22":1,"23":1,"24":1,"25":1,"26":1,"27":1,"28":1,"29":1,"30":0,"31":0,"32":0,"33":0,"34":0,"35":0,"36":0,"37":0,"38":0,"39":0,"40":0,"41":0,"42":0,"43":0,"44":0,"45":0,"46":0,"47":2,"48":2,"49":2,"50":2,"51":2,"52":2,"53":2,"54":1,"55":2,"56":2,"57":2},"f":{"0":4,"1":2,"2":0,"3":2},"b":{"0":[1],"1":[2,1,1,1],"2":[0],"3":[1,1],"4":[1,0],"5":[0],"6":[0],"7":[0,0],"8":[0],"9":[0,0],"10":[0,0],"11":[2],"12":[1,1],"13":[2,1],"14":[1]}}
}
